android/app/build/outputs/logs/manifest-merger-release-report.txt
-- Merging decision tree log ---
manifest
ADDED from src/main/AndroidManifest.xml:1:1-31:12
INJECTED from src/main/AndroidManifest.xml:1:1-31:12
INJECTED from src/main/AndroidManifest.xml:1:1-31:12
INJECTED from src/main/AndroidManifest.xml:1:1-31:12
MERGED from [:react-native-image-picker] AndroidManifest.xml:2:1-23:12
MERGED from [:react-native-network-state] AndroidManifest.xml:2:1-14:12
MERGED from [:@react-native-community_async-storage] AndroidManifest.xml:2:1-9:12
MERGED from [:react-native-vector-icons] AndroidManifest.xml:2:1-11:12
MERGED from [:react-native-svg] AndroidManifest.xml:2:1-9:12
MERGED from [:react-native-linear-gradient] AndroidManifest.xml:2:1-11:12
MERGED from [com.facebook.react:react-native:0.57.5] AndroidManifest.xml:2:1-15:12
MERGED from [com.android.support:appcompat-v7:27.1.1] AndroidManifest.xml:17:1-22:12
MERGED from [com.facebook.fresco:fresco:1.10.0] AndroidManifest.xml:2:1-9:12
MERGED from [com.facebook.fresco:animated-gif:1.10.0] AndroidManifest.xml:2:1-9:12
MERGED from [com.github.pwittchen:reactivenetwork-rx2:2.1.0] AndroidManifest.xml:2:1-16:12
MERGED from [com.android.support:support-fragment:27.1.1] AndroidManifest.xml:17:1-22:12
MERGED from [com.android.support:animated-vector-drawable:27.1.1] AndroidManifest.xml:17:1-22:12
MERGED from [com.android.support:support-core-ui:27.1.1] AndroidManifest.xml:17:1-22:12
MERGED from [com.android.support:support-core-utils:27.1.1] AndroidManifest.xml:17:1-22:12
MERGED from [com.android.support:support-vector-drawable:27.1.1] AndroidManifest.xml:17:1-22:12
MERGED from [com.android.support:support-compat:27.1.1] AndroidManifest.xml:17:1-22:12
MERGED from [com.facebook.fresco:imagepipeline-okhttp3:1.10.0] AndroidManifest.xml:2:1-9:12
MERGED from [com.facebook.fresco:animated-base:1.10.0] AndroidManifest.xml:2:1-9:12
MERGED from [com.facebook.fresco:animated-drawable:1.10.0] AndroidManifest.xml:2:1-9:12
MERGED from [com.facebook.fresco:drawee:1.10.0] AndroidManifest.xml:2:1-9:12
MERGED from [com.facebook.fresco:imagepipeline:1.10.0] AndroidManifest.xml:2:1-9:12
MERGED from [com.facebook.fresco:imagepipeline-base:1.10.0] AndroidManifest.xml:2:1-9:12
MERGED from [com.facebook.soloader:soloader:0.5.1] AndroidManifest.xml:2:1-13:12
MERGED from [org.webkit:android-jsc:r174650] AndroidManifest.xml:1:1-3:12
MERGED from [com.facebook.fresco:fbcore:1.10.0] AndroidManifest.xml:2:1-9:12
MERGED from [io.reactivex.rxjava2:rxandroid:2.0.2] AndroidManifest.xml:15:1-21:12
MERGED from [android.arch.lifecycle:livedata-core:1.1.0] AndroidManifest.xml:17:1-22:12
MERGED from [android.arch.lifecycle:viewmodel:1.1.0] AndroidManifest.xml:17:1-22:12
MERGED from [android.arch.lifecycle:runtime:1.1.0] AndroidManifest.xml:17:1-22:12
MERGED from [android.arch.core:runtime:1.1.0] AndroidManifest.xml:17:1-22:12
INJECTED from src/main/AndroidManifest.xml:1:1-31:12
INJECTED from src/main/AndroidManifest.xml:1:1-31:12
INJECTED from src/main/AndroidManifest.xml:1:1-31:12
	package
		ADDED from src/main/AndroidManifest.xml:2:5-27
		INJECTED from src/main/AndroidManifest.xml
		INJECTED from src/main/AndroidManifest.xml
	android:versionName
		INJECTED from src/main/AndroidManifest.xml
		ADDED from src/main/AndroidManifest.xml:1:1-31:12
		INJECTED from src/main/AndroidManifest.xml
	android:versionCode
		INJECTED from src/main/AndroidManifest.xml
		ADDED from src/main/AndroidManifest.xml:1:1-31:12
		INJECTED from src/main/AndroidManifest.xml
	xmlns:android
		ADDED from src/main/AndroidManifest.xml:1:11-69
uses-permission#android.permission.INTERNET
ADDED from src/main/AndroidManifest.xml:4:5-67
MERGED from [:react-native-network-state] AndroidManifest.xml:11:5-67
MERGED from [:react-native-network-state] AndroidManifest.xml:11:5-67
MERGED from [com.github.pwittchen:reactivenetwork-rx2:2.1.0] AndroidManifest.xml:12:5-67
MERGED from [com.github.pwittchen:reactivenetwork-rx2:2.1.0] AndroidManifest.xml:12:5-67
	android:name
		ADDED from src/main/AndroidManifest.xml:4:22-64
uses-permission#android.permission.SYSTEM_ALERT_WINDOW
ADDED from src/main/AndroidManifest.xml:5:5-77
MERGED from [com.facebook.react:react-native:0.57.5] AndroidManifest.xml:11:5-78
MERGED from [com.facebook.react:react-native:0.57.5] AndroidManifest.xml:11:5-78
	android:name
		ADDED from src/main/AndroidManifest.xml:5:22-75
uses-permission#android.permission.ACCESS_NETWORK_STATE
ADDED from src/main/AndroidManifest.xml:6:5-79
MERGED from [:react-native-network-state] AndroidManifest.xml:12:5-79
MERGED from [:react-native-network-state] AndroidManifest.xml:12:5-79
MERGED from [com.github.pwittchen:reactivenetwork-rx2:2.1.0] AndroidManifest.xml:11:5-79
MERGED from [com.github.pwittchen:reactivenetwork-rx2:2.1.0] AndroidManifest.xml:11:5-79
	android:name
		ADDED from src/main/AndroidManifest.xml:6:22-76
uses-permission#android.permission.CAMERA
ADDED from src/main/AndroidManifest.xml:7:5-65
	android:name
		ADDED from src/main/AndroidManifest.xml:7:22-62
uses-permission#android.permission.WRITE_EXTERNAL_STORAGE
ADDED from src/main/AndroidManifest.xml:8:1-76
	android:name
		ADDED from src/main/AndroidManifest.xml:8:18-74
application
ADDED from src/main/AndroidManifest.xml:10:5-29:19
MERGED from [:react-native-image-picker] AndroidManifest.xml:11:5-21:19
MERGED from [:react-native-image-picker] AndroidManifest.xml:11:5-21:19
MERGED from [com.facebook.react:react-native:0.57.5] AndroidManifest.xml:13:5-20
MERGED from [com.facebook.react:react-native:0.57.5] AndroidManifest.xml:13:5-20
MERGED from [com.github.pwittchen:reactivenetwork-rx2:2.1.0] AndroidManifest.xml:14:5-20
MERGED from [com.github.pwittchen:reactivenetwork-rx2:2.1.0] AndroidManifest.xml:14:5-20
MERGED from [com.facebook.soloader:soloader:0.5.1] AndroidManifest.xml:11:5-20
MERGED from [com.facebook.soloader:soloader:0.5.1] AndroidManifest.xml:11:5-20
MERGED from [org.webkit:android-jsc:r174650] AndroidManifest.xml:2:3-17
MERGED from [org.webkit:android-jsc:r174650] AndroidManifest.xml:2:3-17
	android:label
		ADDED from src/main/AndroidManifest.xml:12:7-39
	android:roundIcon
		ADDED from src/main/AndroidManifest.xml:14:7-52
	android:icon
		ADDED from src/main/AndroidManifest.xml:13:7-41
	android:allowBackup
		ADDED from src/main/AndroidManifest.xml:15:7-34
	android:theme
		ADDED from src/main/AndroidManifest.xml:16:7-38
	android:name
		ADDED from src/main/AndroidManifest.xml:11:7-38
activity#com.matchcat.MainActivity
ADDED from src/main/AndroidManifest.xml:17:7-27:18
	android:screenOrientation
		ADDED from src/main/AndroidManifest.xml:21:9-45
	android:label
		ADDED from src/main/AndroidManifest.xml:19:9-41
	android:windowSoftInputMode
		ADDED from src/main/AndroidManifest.xml:22:9-51
	android:configChanges
		ADDED from src/main/AndroidManifest.xml:20:9-79
	android:name
		ADDED from src/main/AndroidManifest.xml:18:9-37
intent-filter#action:name:android.intent.action.MAIN+category:name:android.intent.category.LAUNCHER
ADDED from src/main/AndroidManifest.xml:23:9-26:25
action#android.intent.action.MAIN
ADDED from src/main/AndroidManifest.xml:24:13-65
	android:name
		ADDED from src/main/AndroidManifest.xml:24:21-62
category#android.intent.category.LAUNCHER
ADDED from src/main/AndroidManifest.xml:25:13-73
	android:name
		ADDED from src/main/AndroidManifest.xml:25:23-70
activity#com.facebook.react.devsupport.DevSettingsActivity
ADDED from src/main/AndroidManifest.xml:28:7-84
	android:name
		ADDED from src/main/AndroidManifest.xml:28:17-81
uses-sdk
INJECTED from src/main/AndroidManifest.xml reason: use-sdk injection requested
INJECTED from src/main/AndroidManifest.xml
INJECTED from src/main/AndroidManifest.xml
MERGED from [:react-native-image-picker] AndroidManifest.xml:7:5-9:41
MERGED from [:react-native-image-picker] AndroidManifest.xml:7:5-9:41
MERGED from [:react-native-network-state] AndroidManifest.xml:7:5-9:41
MERGED from [:react-native-network-state] AndroidManifest.xml:7:5-9:41
MERGED from [:@react-native-community_async-storage] AndroidManifest.xml:5:5-7:41
MERGED from [:@react-native-community_async-storage] AndroidManifest.xml:5:5-7:41
MERGED from [:react-native-vector-icons] AndroidManifest.xml:7:5-9:41
MERGED from [:react-native-vector-icons] AndroidManifest.xml:7:5-9:41
MERGED from [:react-native-svg] AndroidManifest.xml:5:5-7:41
MERGED from [:react-native-svg] AndroidManifest.xml:5:5-7:41
MERGED from [:react-native-linear-gradient] AndroidManifest.xml:7:5-9:41
MERGED from [:react-native-linear-gradient] AndroidManifest.xml:7:5-9:41
MERGED from [com.facebook.react:react-native:0.57.5] AndroidManifest.xml:7:5-9:41
MERGED from [com.facebook.react:react-native:0.57.5] AndroidManifest.xml:7:5-9:41
MERGED from [com.android.support:appcompat-v7:27.1.1] AndroidManifest.xml:20:5-44
MERGED from [com.android.support:appcompat-v7:27.1.1] AndroidManifest.xml:20:5-44
MERGED from [com.facebook.fresco:fresco:1.10.0] AndroidManifest.xml:5:5-7:41
MERGED from [com.facebook.fresco:fresco:1.10.0] AndroidManifest.xml:5:5-7:41
MERGED from [com.facebook.fresco:animated-gif:1.10.0] AndroidManifest.xml:5:5-7:41
MERGED from [com.facebook.fresco:animated-gif:1.10.0] AndroidManifest.xml:5:5-7:41
MERGED from [com.github.pwittchen:reactivenetwork-rx2:2.1.0] AndroidManifest.xml:7:5-9:41
MERGED from [com.github.pwittchen:reactivenetwork-rx2:2.1.0] AndroidManifest.xml:7:5-9:41
MERGED from [com.android.support:support-fragment:27.1.1] AndroidManifest.xml:20:5-44
MERGED from [com.android.support:support-fragment:27.1.1] AndroidManifest.xml:20:5-44
MERGED from [com.android.support:animated-vector-drawable:27.1.1] AndroidManifest.xml:20:5-44
MERGED from [com.android.support:animated-vector-drawable:27.1.1] AndroidManifest.xml:20:5-44
MERGED from [com.android.support:support-core-ui:27.1.1] AndroidManifest.xml:20:5-44
MERGED from [com.android.support:support-core-ui:27.1.1] AndroidManifest.xml:20:5-44
MERGED from [com.android.support:support-core-utils:27.1.1] AndroidManifest.xml:20:5-44
MERGED from [com.android.support:support-core-utils:27.1.1] AndroidManifest.xml:20:5-44
MERGED from [com.android.support:support-vector-drawable:27.1.1] AndroidManifest.xml:20:5-44
MERGED from [com.android.support:support-vector-drawable:27.1.1] AndroidManifest.xml:20:5-44
MERGED from [com.android.support:support-compat:27.1.1] AndroidManifest.xml:20:5-44
MERGED from [com.android.support:support-compat:27.1.1] AndroidManifest.xml:20:5-44
MERGED from [com.facebook.fresco:imagepipeline-okhttp3:1.10.0] AndroidManifest.xml:5:5-7:41
MERGED from [com.facebook.fresco:imagepipeline-okhttp3:1.10.0] AndroidManifest.xml:5:5-7:41
MERGED from [com.facebook.fresco:animated-base:1.10.0] AndroidManifest.xml:5:5-7:41
MERGED from [com.facebook.fresco:animated-base:1.10.0] AndroidManifest.xml:5:5-7:41
MERGED from [com.facebook.fresco:animated-drawable:1.10.0] AndroidManifest.xml:5:5-7:41
MERGED from [com.facebook.fresco:animated-drawable:1.10.0] AndroidManifest.xml:5:5-7:41
MERGED from [com.facebook.fresco:drawee:1.10.0] AndroidManifest.xml:5:5-7:41
MERGED from [com.facebook.fresco:drawee:1.10.0] AndroidManifest.xml:5:5-7:41
MERGED from [com.facebook.fresco:imagepipeline:1.10.0] AndroidManifest.xml:5:5-7:41
MERGED from [com.facebook.fresco:imagepipeline:1.10.0] AndroidManifest.xml:5:5-7:41
MERGED from [com.facebook.fresco:imagepipeline-base:1.10.0] AndroidManifest.xml:5:5-7:41
MERGED from [com.facebook.fresco:imagepipeline-base:1.10.0] AndroidManifest.xml:5:5-7:41
MERGED from [com.facebook.soloader:soloader:0.5.1] AndroidManifest.xml:7:5-9:41
MERGED from [com.facebook.soloader:soloader:0.5.1] AndroidManifest.xml:7:5-9:41
MERGED from [com.facebook.fresco:fbcore:1.10.0] AndroidManifest.xml:5:5-7:41
MERGED from [com.facebook.fresco:fbcore:1.10.0] AndroidManifest.xml:5:5-7:41
MERGED from [io.reactivex.rxjava2:rxandroid:2.0.2] AndroidManifest.xml:19:5-43
MERGED from [io.reactivex.rxjava2:rxandroid:2.0.2] AndroidManifest.xml:19:5-43
MERGED from [android.arch.lifecycle:livedata-core:1.1.0] AndroidManifest.xml:20:5-44
MERGED from [android.arch.lifecycle:livedata-core:1.1.0] AndroidManifest.xml:20:5-44
MERGED from [android.arch.lifecycle:viewmodel:1.1.0] AndroidManifest.xml:20:5-44
MERGED from [android.arch.lifecycle:viewmodel:1.1.0] AndroidManifest.xml:20:5-44
MERGED from [android.arch.lifecycle:runtime:1.1.0] AndroidManifest.xml:20:5-44
MERGED from [android.arch.lifecycle:runtime:1.1.0] AndroidManifest.xml:20:5-44
MERGED from [android.arch.core:runtime:1.1.0] AndroidManifest.xml:20:5-44
MERGED from [android.arch.core:runtime:1.1.0] AndroidManifest.xml:20:5-44
INJECTED from src/main/AndroidManifest.xml
INJECTED from src/main/AndroidManifest.xml
	android:targetSdkVersion
		INJECTED from src/main/AndroidManifest.xml
		ADDED from src/main/AndroidManifest.xml
		INJECTED from src/main/AndroidManifest.xml
	android:minSdkVersion
		INJECTED from src/main/AndroidManifest.xml
		ADDED from src/main/AndroidManifest.xml
		INJECTED from src/main/AndroidManifest.xml
provider#com.imagepicker.FileProvider
ADDED from [:react-native-image-picker] AndroidManifest.xml:12:9-20:20
	android:grantUriPermissions
		ADDED from [:react-native-image-picker] AndroidManifest.xml:16:13-47
	android:authorities
		ADDED from [:react-native-image-picker] AndroidManifest.xml:14:13-60
	android:exported
		ADDED from [:react-native-image-picker] AndroidManifest.xml:15:13-37
	android:name
		ADDED from [:react-native-image-picker] AndroidManifest.xml:13:13-56
meta-data#android.support.FILE_PROVIDER_PATHS
ADDED from [:react-native-image-picker] AndroidManifest.xml:17:13-19:58
	android:resource
		ADDED from [:react-native-image-picker] AndroidManifest.xml:19:17-55
	android:name
		ADDED from [:react-native-image-picker] AndroidManifest.xml:18:17-67
uses-permission#android.permission.READ_PHONE_STATE
IMPLIED from src/main/AndroidManifest.xml:1:1-31:12 reason: org.webkit.android_jsc has a targetSdkVersion < 4
uses-permission#android.permission.READ_EXTERNAL_STORAGE
IMPLIED from src/main/AndroidManifest.xml:1:1-31:12 reason: org.webkit.android_jsc requested WRITE_EXTERNAL_STORAGE